  Building Custom Rule C:/Users/fangl/OneDrive/Documents/Code/jansson-2.7/CMakeLists.txt
  CMake does not need to re-run because C:\Users\fangl\OneDrive\Documents\Code\jansson-2.7\CMakeFiles\generate.stamp is up-to-date.
  Test project C:/Users/fangl/OneDrive/Documents/Code/jansson-2.7
          Start   1: test_array
    1/202 Test   #1: test_array ............................................   Passed    0.02 sec
          Start   2: test_copy
    2/202 Test   #2: test_copy .............................................   Passed    0.02 sec
          Start   3: test_dump
    3/202 Test   #3: test_dump .............................................   Passed    0.02 sec
          Start   4: test_dump_callback
    4/202 Test   #4: test_dump_callback ....................................   Passed    0.02 sec
          Start   5: test_equal
    5/202 Test   #5: test_equal ............................................   Passed    0.02 sec
          Start   6: test_load
    6/202 Test   #6: test_load .............................................   Passed    0.02 sec
          Start   7: test_loadb
    7/202 Test   #7: test_loadb ............................................   Passed    0.02 sec
          Start   8: test_number
    8/202 Test   #8: test_number ...........................................   Passed    0.01 sec
          Start   9: test_object
    9/202 Test   #9: test_object ...........................................   Passed    0.02 sec
          Start  10: test_pack
   10/202 Test  #10: test_pack .............................................   Passed    0.02 sec
          Start  11: test_simple
   11/202 Test  #11: test_simple ...........................................   Passed    0.01 sec
          Start  12: test_unpack
   12/202 Test  #12: test_unpack ...........................................   Passed    0.02 sec
          Start  13: encoding-flags__array
   13/202 Test  #13: encoding-flags__array .................................   Passed    0.02 sec
          Start  14: encoding-flags__compact-array
   14/202 Test  #14: encoding-flags__compact-array .........................   Passed    0.01 sec
          Start  15: encoding-flags__compact-object
   15/202 Test  #15: encoding-flags__compact-object ........................   Passed    0.01 sec
          Start  16: encoding-flags__ensure-ascii
   16/202 Test  #16: encoding-flags__ensure-ascii ..........................   Passed    0.01 sec
          Start  17: encoding-flags__indent-array
   17/202 Test  #17: encoding-flags__indent-array ..........................   Passed    0.01 sec
          Start  18: encoding-flags__indent-compact-array
   18/202 Test  #18: encoding-flags__indent-compact-array ..................   Passed    0.01 sec
          Start  19: encoding-flags__indent-compact-object
   19/202 Test  #19: encoding-flags__indent-compact-object .................   Passed    0.01 sec
          Start  20: encoding-flags__indent-object
   20/202 Test  #20: encoding-flags__indent-object .........................   Passed    0.01 sec
          Start  21: encoding-flags__object
   21/202 Test  #21: encoding-flags__object ................................   Passed    0.02 sec
          Start  22: encoding-flags__preserve-order
   22/202 Test  #22: encoding-flags__preserve-order ........................   Passed    0.01 sec
          Start  23: encoding-flags__real-precision
   23/202 Test  #23: encoding-flags__real-precision ........................   Passed    0.01 sec
          Start  24: encoding-flags__sort-keys
   24/202 Test  #24: encoding-flags__sort-keys .............................   Passed    0.02 sec
          Start  25: valid__complex-array
   25/202 Test  #25: valid__complex-array ..................................   Passed    0.02 sec
          Start  26: valid__complex-array__strip
   26/202 Test  #26: valid__complex-array__strip ...........................   Passed    0.02 sec
          Start  27: valid__empty-array
   27/202 Test  #27: valid__empty-array ....................................   Passed    0.02 sec
          Start  28: valid__empty-array__strip
   28/202 Test  #28: valid__empty-array__strip .............................   Passed    0.01 sec
          Start  29: valid__empty-object
   29/202 Test  #29: valid__empty-object ...................................   Passed    0.01 sec
          Start  30: valid__empty-object__strip
   30/202 Test  #30: valid__empty-object__strip ............................   Passed    0.01 sec
          Start  31: valid__empty-object-in-array
   31/202 Test  #31: valid__empty-object-in-array ..........................   Passed    0.01 sec
          Start  32: valid__empty-object-in-array__strip
   32/202 Test  #32: valid__empty-object-in-array__strip ...................   Passed    0.01 sec
          Start  33: valid__empty-string
   33/202 Test  #33: valid__empty-string ...................................   Passed    0.01 sec
          Start  34: valid__empty-string__strip
   34/202 Test  #34: valid__empty-string__strip ............................   Passed    0.01 sec
          Start  35: valid__escaped-utf-control-char
   35/202 Test  #35: valid__escaped-utf-control-char .......................   Passed    0.01 sec
          Start  36: valid__escaped-utf-control-char__strip
   36/202 Test  #36: valid__escaped-utf-control-char__strip ................   Passed    0.01 sec
          Start  37: valid__false
   37/202 Test  #37: valid__false ..........................................   Passed    0.01 sec
          Start  38: valid__false__strip
   38/202 Test  #38: valid__false__strip ...................................   Passed    0.01 sec
          Start  39: valid__negative-int
   39/202 Test  #39: valid__negative-int ...................................   Passed    0.01 sec
          Start  40: valid__negative-int__strip
   40/202 Test  #40: valid__negative-int__strip ............................   Passed    0.01 sec
          Start  41: valid__negative-one
   41/202 Test  #41: valid__negative-one ...................................   Passed    0.01 sec
          Start  42: valid__negative-one__strip
   42/202 Test  #42: valid__negative-one__strip ............................   Passed    0.01 sec
          Start  43: valid__negative-zero
   43/202 Test  #43: valid__negative-zero ..................................   Passed    0.01 sec
          Start  44: valid__negative-zero__strip
   44/202 Test  #44: valid__negative-zero__strip ...........................   Passed    0.01 sec
          Start  45: valid__null
   45/202 Test  #45: valid__null ...........................................   Passed    0.01 sec
          Start  46: valid__null__strip
   46/202 Test  #46: valid__null__strip ....................................   Passed    0.01 sec
          Start  47: valid__one-byte-utf-8
   47/202 Test  #47: valid__one-byte-utf-8 .................................   Passed    0.01 sec
          Start  48: valid__one-byte-utf-8__strip
   48/202 Test  #48: valid__one-byte-utf-8__strip ..........................   Passed    0.01 sec
          Start  49: valid__real-capital-e
   49/202 Test  #49: valid__real-capital-e .................................   Passed    0.01 sec
          Start  50: valid__real-capital-e__strip
   50/202 Test  #50: valid__real-capital-e__strip ..........................   Passed    0.01 sec
          Start  51: valid__real-capital-e-negative-exponent
   51/202 Test  #51: valid__real-capital-e-negative-exponent ...............   Passed    0.01 sec
          Start  52: valid__real-capital-e-negative-exponent__strip
   52/202 Test  #52: valid__real-capital-e-negative-exponent__strip ........   Passed    0.02 sec
          Start  53: valid__real-capital-e-positive-exponent
   53/202 Test  #53: valid__real-capital-e-positive-exponent ...............   Passed    0.01 sec
          Start  54: valid__real-capital-e-positive-exponent__strip
   54/202 Test  #54: valid__real-capital-e-positive-exponent__strip ........   Passed    0.01 sec
          Start  55: valid__real-exponent
   55/202 Test  #55: valid__real-exponent ..................................   Passed    0.01 sec
          Start  56: valid__real-exponent__strip
   56/202 Test  #56: valid__real-exponent__strip ...........................   Passed    0.01 sec
          Start  57: valid__real-fraction-exponent
   57/202 Test  #57: valid__real-fraction-exponent .........................   Passed    0.01 sec
          Start  58: valid__real-fraction-exponent__strip
   58/202 Test  #58: valid__real-fraction-exponent__strip ..................   Passed    0.01 sec
          Start  59: valid__real-negative-exponent
   59/202 Test  #59: valid__real-negative-exponent .........................   Passed    0.01 sec
          Start  60: valid__real-negative-exponent__strip
   60/202 Test  #60: valid__real-negative-exponent__strip ..................   Passed    0.01 sec
          Start  61: valid__real-positive-exponent
   61/202 Test  #61: valid__real-positive-exponent .........................   Passed    0.01 sec
          Start  62: valid__real-positive-exponent__strip
   62/202 Test  #62: valid__real-positive-exponent__strip ..................   Passed    0.01 sec
          Start  63: valid__real-subnormal-number
   63/202 Test  #63: valid__real-subnormal-number ..........................   Passed    0.01 sec
          Start  64: valid__real-subnormal-number__strip
   64/202 Test  #64: valid__real-subnormal-number__strip ...................   Passed    0.01 sec
          Start  65: valid__real-underflow
   65/202 Test  #65: valid__real-underflow .................................   Passed    0.01 sec
          Start  66: valid__real-underflow__strip
   66/202 Test  #66: valid__real-underflow__strip ..........................   Passed    0.01 sec
          Start  67: valid__short-string
   67/202 Test  #67: valid__short-string ...................................   Passed    0.01 sec
          Start  68: valid__short-string__strip
   68/202 Test  #68: valid__short-string__strip ............................   Passed    0.01 sec
          Start  69: valid__simple-ascii-string
   69/202 Test  #69: valid__simple-ascii-string ............................   Passed    0.01 sec
          Start  70: valid__simple-ascii-string__strip
   70/202 Test  #70: valid__simple-ascii-string__strip .....................   Passed    0.01 sec
          Start  71: valid__simple-int-0
   71/202 Test  #71: valid__simple-int-0 ...................................   Passed    0.01 sec
          Start  72: valid__simple-int-0__strip
   72/202 Test  #72: valid__simple-int-0__strip ............................   Passed    0.02 sec
          Start  73: valid__simple-int-1
   73/202 Test  #73: valid__simple-int-1 ...................................   Passed    0.01 sec
          Start  74: valid__simple-int-1__strip
   74/202 Test  #74: valid__simple-int-1__strip ............................   Passed    0.01 sec
          Start  75: valid__simple-int-123
   75/202 Test  #75: valid__simple-int-123 .................................   Passed    0.01 sec
          Start  76: valid__simple-int-123__strip
   76/202 Test  #76: valid__simple-int-123__strip ..........................   Passed    0.01 sec
          Start  77: valid__simple-object
   77/202 Test  #77: valid__simple-object ..................................   Passed    0.02 sec
          Start  78: valid__simple-object__strip
   78/202 Test  #78: valid__simple-object__strip ...........................   Passed    0.02 sec
          Start  79: valid__simple-real
   79/202 Test  #79: valid__simple-real ....................................   Passed    0.01 sec
          Start  80: valid__simple-real__strip
   80/202 Test  #80: valid__simple-real__strip .............................   Passed    0.01 sec
          Start  81: valid__string-escapes
   81/202 Test  #81: valid__string-escapes .................................   Passed    0.01 sec
          Start  82: valid__string-escapes__strip
   82/202 Test  #82: valid__string-escapes__strip ..........................   Passed    0.01 sec
          Start  83: valid__three-byte-utf-8
   83/202 Test  #83: valid__three-byte-utf-8 ...............................   Passed    0.01 sec
          Start  84: valid__three-byte-utf-8__strip
   84/202 Test  #84: valid__three-byte-utf-8__strip ........................   Passed    0.01 sec
          Start  85: valid__true
   85/202 Test  #85: valid__true ...........................................   Passed    0.01 sec
          Start  86: valid__true__strip
   86/202 Test  #86: valid__true__strip ....................................   Passed    0.01 sec
          Start  87: valid__two-byte-utf-8
   87/202 Test  #87: valid__two-byte-utf-8 .................................   Passed    0.02 sec
          Start  88: valid__two-byte-utf-8__strip
   88/202 Test  #88: valid__two-byte-utf-8__strip ..........................   Passed    0.01 sec
          Start  89: valid__utf-8-string
   89/202 Test  #89: valid__utf-8-string ...................................   Passed    0.01 sec
          Start  90: valid__utf-8-string__strip
   90/202 Test  #90: valid__utf-8-string__strip ............................   Passed    0.02 sec
          Start  91: valid__utf-surrogate-four-byte-encoding
   91/202 Test  #91: valid__utf-surrogate-four-byte-encoding ...............   Passed    0.01 sec
          Start  92: valid__utf-surrogate-four-byte-encoding__strip
   92/202 Test  #92: valid__utf-surrogate-four-byte-encoding__strip ........   Passed    0.01 sec
          Start  93: invalid__apostrophe
   93/202 Test  #93: invalid__apostrophe ...................................   Passed    0.01 sec
          Start  94: invalid__apostrophe__strip
   94/202 Test  #94: invalid__apostrophe__strip ............................   Passed    0.01 sec
          Start  95: invalid__ascii-unicode-identifier
   95/202 Test  #95: invalid__ascii-unicode-identifier .....................   Passed    0.01 sec
          Start  96: invalid__ascii-unicode-identifier__strip
   96/202 Test  #96: invalid__ascii-unicode-identifier__strip ..............   Passed    0.01 sec
          Start  97: invalid__brace-comma
   97/202 Test  #97: invalid__brace-comma ..................................   Passed    0.01 sec
          Start  98: invalid__brace-comma__strip
   98/202 Test  #98: invalid__brace-comma__strip ...........................   Passed    0.01 sec
          Start  99: invalid__bracket-comma
   99/202 Test  #99: invalid__bracket-comma ................................   Passed    0.01 sec
          Start 100: invalid__bracket-comma__strip
  100/202 Test #100: invalid__bracket-comma__strip .........................   Passed    0.01 sec
          Start 101: invalid__bracket-one-comma
  101/202 Test #101: invalid__bracket-one-comma ............................   Passed    0.01 sec
          Start 102: invalid__bracket-one-comma__strip
  102/202 Test #102: invalid__bracket-one-comma__strip .....................   Passed    0.01 sec
          Start 103: invalid__empty
  103/202 Test #103: invalid__empty ........................................   Passed    0.01 sec
          Start 104: invalid__empty__strip
  104/202 Test #104: invalid__empty__strip .................................   Passed    0.01 sec
          Start 105: invalid__extra-comma-in-array
  105/202 Test #105: invalid__extra-comma-in-array .........................   Passed    0.01 sec
          Start 106: invalid__extra-comma-in-array__strip
  106/202 Test #106: invalid__extra-comma-in-array__strip ..................   Passed    0.01 sec
          Start 107: invalid__extra-comma-in-multiline-array
  107/202 Test #107: invalid__extra-comma-in-multiline-array ...............   Passed    0.01 sec
          Start 108: invalid__extra-comma-in-multiline-array__strip
  108/202 Test #108: invalid__extra-comma-in-multiline-array__strip ........   Passed    0.01 sec
          Start 109: invalid__garbage-after-newline
  109/202 Test #109: invalid__garbage-after-newline ........................   Passed    0.01 sec
          Start 110: invalid__garbage-after-newline__strip
  110/202 Test #110: invalid__garbage-after-newline__strip .................   Passed    0.01 sec
          Start 111: invalid__garbage-at-the-end
  111/202 Test #111: invalid__garbage-at-the-end ...........................   Passed    0.01 sec
          Start 112: invalid__garbage-at-the-end__strip
  112/202 Test #112: invalid__garbage-at-the-end__strip ....................   Passed    0.01 sec
          Start 113: invalid__integer-starting-with-zero
  113/202 Test #113: invalid__integer-starting-with-zero ...................   Passed    0.01 sec
          Start 114: invalid__integer-starting-with-zero__strip
  114/202 Test #114: invalid__integer-starting-with-zero__strip ............   Passed    0.01 sec
          Start 115: invalid__invalid-escape
  115/202 Test #115: invalid__invalid-escape ...............................   Passed    0.01 sec
          Start 116: invalid__invalid-escape__strip
  116/202 Test #116: invalid__invalid-escape__strip ........................   Passed    0.01 sec
          Start 117: invalid__invalid-identifier
  117/202 Test #117: invalid__invalid-identifier ...........................   Passed    0.01 sec
          Start 118: invalid__invalid-identifier__strip
  118/202 Test #118: invalid__invalid-identifier__strip ....................   Passed    0.01 sec
          Start 119: invalid__invalid-negative-integer
  119/202 Test #119: invalid__invalid-negative-integer .....................   Passed    0.01 sec
          Start 120: invalid__invalid-negative-integer__strip
  120/202 Test #120: invalid__invalid-negative-integer__strip ..............   Passed    0.02 sec
          Start 121: invalid__invalid-negative-real
  121/202 Test #121: invalid__invalid-negative-real ........................   Passed    0.02 sec
          Start 122: invalid__invalid-negative-real__strip
  122/202 Test #122: invalid__invalid-negative-real__strip .................   Passed    0.01 sec
          Start 123: invalid__invalid-second-surrogate
  123/202 Test #123: invalid__invalid-second-surrogate .....................   Passed    0.01 sec
          Start 124: invalid__invalid-second-surrogate__strip
  124/202 Test #124: invalid__invalid-second-surrogate__strip ..............   Passed    0.01 sec
          Start 125: invalid__lone-open-brace
  125/202 Test #125: invalid__lone-open-brace ..............................   Passed    0.01 sec
          Start 126: invalid__lone-open-brace__strip
  126/202 Test #126: invalid__lone-open-brace__strip .......................   Passed    0.01 sec
          Start 127: invalid__lone-open-bracket
  127/202 Test #127: invalid__lone-open-bracket ............................   Passed    0.01 sec
          Start 128: invalid__lone-open-bracket__strip
  128/202 Test #128: invalid__lone-open-bracket__strip .....................   Passed    0.01 sec
          Start 129: invalid__lone-second-surrogate
  129/202 Test #129: invalid__lone-second-surrogate ........................   Passed    0.01 sec
          Start 130: invalid__lone-second-surrogate__strip
  130/202 Test #130: invalid__lone-second-surrogate__strip .................   Passed    0.01 sec
          Start 131: invalid__minus-sign-without-number
  131/202 Test #131: invalid__minus-sign-without-number ....................   Passed    0.01 sec
          Start 132: invalid__minus-sign-without-number__strip
  132/202 Test #132: invalid__minus-sign-without-number__strip .............   Passed    0.01 sec
          Start 133: invalid__negative-integer-starting-with-zero
  133/202 Test #133: invalid__negative-integer-starting-with-zero ..........   Passed    0.01 sec
          Start 134: invalid__negative-integer-starting-with-zero__strip
  134/202 Test #134: invalid__negative-integer-starting-with-zero__strip ...   Passed    0.01 sec
          Start 135: invalid__null
  135/202 Test #135: invalid__null .........................................   Passed    0.01 sec
          Start 136: invalid__null__strip
  136/202 Test #136: invalid__null__strip ..................................   Passed    0.01 sec
          Start 137: invalid__null-byte-in-object-key
  137/202 Test #137: invalid__null-byte-in-object-key ......................   Passed    0.01 sec
          Start 138: invalid__null-byte-in-object-key__strip
  138/202 Test #138: invalid__null-byte-in-object-key__strip ...............   Passed    0.01 sec
          Start 139: invalid__null-byte-in-string
  139/202 Test #139: invalid__null-byte-in-string ..........................   Passed    0.01 sec
          Start 140: invalid__null-byte-outside-string
  140/202 Test #140: invalid__null-byte-outside-string .....................   Passed    0.01 sec
          Start 141: invalid__object-apostrophes
  141/202 Test #141: invalid__object-apostrophes ...........................   Passed    0.01 sec
          Start 142: invalid__object-apostrophes__strip
  142/202 Test #142: invalid__object-apostrophes__strip ....................   Passed    0.02 sec
          Start 143: invalid__object-garbage-at-end
  143/202 Test #143: invalid__object-garbage-at-end ........................   Passed    0.02 sec
          Start 144: invalid__object-garbage-at-end__strip
  144/202 Test #144: invalid__object-garbage-at-end__strip .................   Passed    0.01 sec
          Start 145: invalid__object-in-unterminated-array
  145/202 Test #145: invalid__object-in-unterminated-array .................   Passed    0.02 sec
          Start 146: invalid__object-in-unterminated-array__strip
  146/202 Test #146: invalid__object-in-unterminated-array__strip ..........   Passed    0.02 sec
          Start 147: invalid__object-no-colon
  147/202 Test #147: invalid__object-no-colon ..............................   Passed    0.02 sec
          Start 148: invalid__object-no-colon__strip
  148/202 Test #148: invalid__object-no-colon__strip .......................   Passed    0.02 sec
          Start 149: invalid__object-no-value
  149/202 Test #149: invalid__object-no-value ..............................   Passed    0.02 sec
          Start 150: invalid__object-no-value__strip
  150/202 Test #150: invalid__object-no-value__strip .......................   Passed    0.01 sec
          Start 151: invalid__object-unterminated-value
  151/202 Test #151: invalid__object-unterminated-value ....................   Passed    0.01 sec
          Start 152: invalid__object-unterminated-value__strip
  152/202 Test #152: invalid__object-unterminated-value__strip .............   Passed    0.02 sec
          Start 153: invalid__real-garbage-after-e
  153/202 Test #153: invalid__real-garbage-after-e .........................   Passed    0.01 sec
          Start 154: invalid__real-garbage-after-e__strip
  154/202 Test #154: invalid__real-garbage-after-e__strip ..................   Passed    0.01 sec
          Start 155: invalid__real-negative-overflow
  155/202 Test #155: invalid__real-negative-overflow .......................   Passed    0.01 sec
          Start 156: invalid__real-negative-overflow__strip
  156/202 Test #156: invalid__real-negative-overflow__strip ................   Passed    0.01 sec
          Start 157: invalid__real-positive-overflow
  157/202 Test #157: invalid__real-positive-overflow .......................   Passed    0.01 sec
          Start 158: invalid__real-positive-overflow__strip
  158/202 Test #158: invalid__real-positive-overflow__strip ................   Passed    0.01 sec
          Start 159: invalid__real-truncated-at-e
  159/202 Test #159: invalid__real-truncated-at-e ..........................   Passed    0.01 sec
          Start 160: invalid__real-truncated-at-e__strip
  160/202 Test #160: invalid__real-truncated-at-e__strip ...................   Passed    0.01 sec
          Start 161: invalid__real-truncated-at-point
  161/202 Test #161: invalid__real-truncated-at-point ......................   Passed    0.01 sec
          Start 162: invalid__real-truncated-at-point__strip
  162/202 Test #162: invalid__real-truncated-at-point__strip ...............   Passed    0.01 sec
          Start 163: invalid__tab-character-in-string
  163/202 Test #163: invalid__tab-character-in-string ......................   Passed    0.01 sec
          Start 164: invalid__tab-character-in-string__strip
  164/202 Test #164: invalid__tab-character-in-string__strip ...............   Passed    0.01 sec
          Start 165: invalid__too-big-negative-integer
  165/202 Test #165: invalid__too-big-negative-integer .....................   Passed    0.01 sec
          Start 166: invalid__too-big-negative-integer__strip
  166/202 Test #166: invalid__too-big-negative-integer__strip ..............   Passed    0.01 sec
          Start 167: invalid__too-big-positive-integer
  167/202 Test #167: invalid__too-big-positive-integer .....................   Passed    0.02 sec
          Start 168: invalid__too-big-positive-integer__strip
  168/202 Test #168: invalid__too-big-positive-integer__strip ..............   Passed    0.01 sec
          Start 169: invalid__truncated-unicode-surrogate
  169/202 Test #169: invalid__truncated-unicode-surrogate ..................   Passed    0.01 sec
          Start 170: invalid__truncated-unicode-surrogate__strip
  170/202 Test #170: invalid__truncated-unicode-surrogate__strip ...........   Passed    0.01 sec
          Start 171: invalid__unicode-identifier
  171/202 Test #171: invalid__unicode-identifier ...........................   Passed    0.01 sec
          Start 172: invalid__unicode-identifier__strip
  172/202 Test #172: invalid__unicode-identifier__strip ....................   Passed    0.01 sec
          Start 173: invalid__unterminated-array
  173/202 Test #173: invalid__unterminated-array ...........................   Passed    0.01 sec
          Start 174: invalid__unterminated-array__strip
  174/202 Test #174: invalid__unterminated-array__strip ....................   Passed    0.01 sec
          Start 175: invalid__unterminated-array-and-object
  175/202 Test #175: invalid__unterminated-array-and-object ................   Passed    0.01 sec
          Start 176: invalid__unterminated-array-and-object__strip
  176/202 Test #176: invalid__unterminated-array-and-object__strip .........   Passed    0.02 sec
          Start 177: invalid__unterminated-empty-key
  177/202 Test #177: invalid__unterminated-empty-key .......................   Passed    0.02 sec
          Start 178: invalid__unterminated-empty-key__strip
  178/202 Test #178: invalid__unterminated-empty-key__strip ................   Passed    0.02 sec
          Start 179: invalid__unterminated-key
  179/202 Test #179: invalid__unterminated-key .............................   Passed    0.02 sec
          Start 180: invalid__unterminated-key__strip
  180/202 Test #180: invalid__unterminated-key__strip ......................   Passed    0.01 sec
          Start 181: invalid__unterminated-object-and-array
  181/202 Test #181: invalid__unterminated-object-and-array ................   Passed    0.02 sec
          Start 182: invalid__unterminated-object-and-array__strip
  182/202 Test #182: invalid__unterminated-object-and-array__strip .........   Passed    0.01 sec
          Start 183: invalid__unterminated-string
  183/202 Test #183: invalid__unterminated-string ..........................   Passed    0.01 sec
          Start 184: invalid__unterminated-string__strip
  184/202 Test #184: invalid__unterminated-string__strip ...................   Passed    0.01 sec
          Start 185: invalid-unicode__encoded-surrogate-half
  185/202 Test #185: invalid-unicode__encoded-surrogate-half ...............   Passed    0.01 sec
          Start 186: invalid-unicode__invalid-utf-8-after-backslash
  186/202 Test #186: invalid-unicode__invalid-utf-8-after-backslash ........   Passed    0.01 sec
          Start 187: invalid-unicode__invalid-utf-8-in-array
  187/202 Test #187: invalid-unicode__invalid-utf-8-in-array ...............   Passed    0.01 sec
          Start 188: invalid-unicode__invalid-utf-8-in-bigger-int
  188/202 Test #188: invalid-unicode__invalid-utf-8-in-bigger-int ..........   Passed    0.01 sec
          Start 189: invalid-unicode__invalid-utf-8-in-escape
  189/202 Test #189: invalid-unicode__invalid-utf-8-in-escape ..............   Passed    0.01 sec
          Start 190: invalid-unicode__invalid-utf-8-in-exponent
  190/202 Test #190: invalid-unicode__invalid-utf-8-in-exponent ............   Passed    0.02 sec
          Start 191: invalid-unicode__invalid-utf-8-in-identifier
  191/202 Test #191: invalid-unicode__invalid-utf-8-in-identifier ..........   Passed    0.01 sec
          Start 192: invalid-unicode__invalid-utf-8-in-int
  192/202 Test #192: invalid-unicode__invalid-utf-8-in-int .................   Passed    0.01 sec
          Start 193: invalid-unicode__invalid-utf-8-in-real-after-e
  193/202 Test #193: invalid-unicode__invalid-utf-8-in-real-after-e ........   Passed    0.01 sec
          Start 194: invalid-unicode__invalid-utf-8-in-string
  194/202 Test #194: invalid-unicode__invalid-utf-8-in-string ..............   Passed    0.01 sec
          Start 195: invalid-unicode__lone-invalid-utf-8
  195/202 Test #195: invalid-unicode__lone-invalid-utf-8 ...................   Passed    0.01 sec
          Start 196: invalid-unicode__lone-utf-8-continuation-byte
  196/202 Test #196: invalid-unicode__lone-utf-8-continuation-byte .........   Passed    0.01 sec
          Start 197: invalid-unicode__not-in-unicode-range
  197/202 Test #197: invalid-unicode__not-in-unicode-range .................   Passed    0.01 sec
          Start 198: invalid-unicode__overlong-3-byte-encoding
  198/202 Test #198: invalid-unicode__overlong-3-byte-encoding .............   Passed    0.01 sec
          Start 199: invalid-unicode__overlong-4-byte-encoding
  199/202 Test #199: invalid-unicode__overlong-4-byte-encoding .............   Passed    0.02 sec
          Start 200: invalid-unicode__overlong-ascii-encoding
  200/202 Test #200: invalid-unicode__overlong-ascii-encoding ..............   Passed    0.02 sec
          Start 201: invalid-unicode__restricted-utf-8
  201/202 Test #201: invalid-unicode__restricted-utf-8 .....................   Passed    0.01 sec
          Start 202: invalid-unicode__truncated-utf-8
  202/202 Test #202: invalid-unicode__truncated-utf-8 ......................   Passed    0.01 sec
  
  100% tests passed, 0 tests failed out of 202
  
  Total Test time (real) =   3.58 sec
